2023-06-23 14:50:22.983 INFO  (main) [] o.e.j.s.Server jetty-10.0.13; built: 2022-12-07T20:13:20.134Z; git: 1c2636ea05c0ca8de1ffd6ca7f3a98ac084c766d; jvm 17.0.7+7
2023-06-23 14:50:25.781 WARN  (main) [] o.e.j.u.DeprecationWarning Using @Deprecated Class org.eclipse.jetty.servlet.listener.ELContextCleaner
2023-06-23 14:50:25.919 INFO  (main) [] o.a.s.s.CoreContainerProvider Using logger factory org.apache.logging.slf4j.Log4jLoggerFactory
2023-06-23 14:50:25.946 INFO  (main) [] o.a.s.s.CoreContainerProvider  ___      _       Welcome to Apache Solr™ version 9.2.0
2023-06-23 14:50:25.947 INFO  (main) [] o.a.s.s.CoreContainerProvider / __| ___| |_ _   Starting in standalone mode on port 8983
2023-06-23 14:50:25.952 INFO  (main) [] o.a.s.s.CoreContainerProvider \__ \/ _ \ | '_|  Install dir: /opt/solr-9.2.0
2023-06-23 14:50:25.952 INFO  (main) [] o.a.s.s.CoreContainerProvider |___/\___/_|_|    Start time: 2023-06-23T14:50:25.952578029Z
2023-06-23 14:50:25.967 INFO  (main) [] o.a.s.s.CoreContainerProvider Solr started with "-XX:+CrashOnOutOfMemoryError" that will crash on any OutOfMemoryError exception. The cause of the OOME will be logged in the crash file at the following path: /var/solr/logs/jvm_crash_9.log
2023-06-23 14:50:25.990 INFO  (main) [] o.a.s.s.CoreContainerProvider Solr Home: /var/solr/data (source: system property: solr.solr.home)
2023-06-23 14:50:25.995 INFO  (main) [] o.a.s.c.SolrXmlConfig solr.xml not found in SOLR_HOME, using built-in default
2023-06-23 14:50:25.995 INFO  (main) [] o.a.s.c.SolrXmlConfig Loading solr.xml from /opt/solr-9.2.0/server/solr/solr.xml
2023-06-23 14:50:26.350 INFO  (main) [] o.a.s.c.SolrResourceLoader Added 1 libs to classloader, from paths: [/opt/solr-9.2.0/lib]
2023-06-23 14:50:29.375 WARN  (main) [] o.a.s.u.StartupLoggingUtils Jetty request logging enabled. Will retain logs for last 3 days. See chapter "Configuring Logging" in reference guide for how to configure.
2023-06-23 14:50:29.385 INFO  (main) [] o.a.s.c.CoreContainer Initializing authorization plugin: solr.RuleBasedAuthorizationPlugin
2023-06-23 14:50:29.397 INFO  (main) [] o.a.s.c.CoreContainer Initializing authentication plugin: solr.BasicAuthPlugin
2023-06-23 14:50:29.405 WARN  (main) [] o.a.s.c.CoreContainer Solr authentication is enabled, but SSL is off.  Consider enabling SSL to protect user credentials and data with encryption.
2023-06-23 14:50:29.866 INFO  (main) [] o.a.s.c.CorePropertiesLocator Found 1 core definitions underneath /var/solr/data
2023-06-23 14:50:29.867 INFO  (main) [] o.a.s.c.CorePropertiesLocator Cores are: [kms_article]
2023-06-23 14:50:29.950 INFO  (coreLoadExecutor-10-thread-1) [ x:kms_article] o.a.s.c.SolrConfig Using Lucene MatchVersion: 9.4.0
2023-06-23 14:50:30.211 INFO  (coreLoadExecutor-10-thread-1) [ x:kms_article] o.a.s.s.IndexSchema Schema name=kms_article-config
2023-06-23 14:50:31.078 INFO  (coreLoadExecutor-10-thread-1) [ x:kms_article] o.a.s.s.IndexSchema Loaded schema kms_article-config/1.6 with uniqueid field ArticleID
2023-06-23 14:50:31.079 INFO  (coreLoadExecutor-10-thread-1) [ x:kms_article] o.a.s.c.CoreContainer Creating SolrCore 'kms_article' using configuration from instancedir /var/solr/data/kms_article, trusted=true
2023-06-23 14:50:31.190 INFO  (coreLoadExecutor-10-thread-1) [ x:kms_article] o.a.s.c.SolrCore Opening new SolrCore at [/var/solr/data/kms_article], dataDir=[/var/solr/data/kms_article/data/]
2023-06-23 14:50:31.201 INFO  (main) [] o.a.s.j.SolrRequestAuthorizer Creating a new SolrRequestAuthorizer
2023-06-23 14:50:31.607 INFO  (main) [] o.e.j.s.h.ContextHandler Started o.e.j.w.WebAppContext@4eeea57d{solr-jetty-context.xml,/solr,file:///opt/solr-9.2.0/server/solr-webapp/webapp/,AVAILABLE}{/opt/solr-9.2.0/server/solr-webapp/webapp}
2023-06-23 14:50:31.648 INFO  (main) [] o.e.j.s.RequestLogWriter Opened /var/solr/logs/2023_06_23.request.log
2023-06-23 14:50:31.654 INFO  (main) [] o.e.j.s.AbstractConnector Started ServerConnector@53812a9b{HTTP/1.1, (http/1.1, h2c)}{0.0.0.0:8983}
2023-06-23 14:50:31.662 INFO  (main) [] o.e.j.s.Server Started Server@269f4bad{STARTING}[10.0.13,sto=0] @17252ms
2023-06-23 14:50:32.454 INFO  (coreLoadExecutor-10-thread-1) [ x:kms_article] o.a.s.j.SolrRequestAuthorizer Creating a new SolrRequestAuthorizer
2023-06-23 14:50:32.478 INFO  (coreLoadExecutor-10-thread-1) [ x:kms_article] o.a.s.u.UpdateHandler Using UpdateLog implementation: org.apache.solr.update.UpdateLog
2023-06-23 14:50:32.479 INFO  (coreLoadExecutor-10-thread-1) [ x:kms_article] o.a.s.u.UpdateLog Initializing UpdateLog: dataDir= defaultSyncLevel=FLUSH numRecordsToKeep=100 maxNumLogsToKeep=10 numVersionBuckets=65536
2023-06-23 14:50:32.526 INFO  (coreLoadExecutor-10-thread-1) [ x:kms_article] o.a.s.u.CommitTracker Hard AutoCommit: if uncommitted for 15000ms; 
2023-06-23 14:50:32.529 INFO  (coreLoadExecutor-10-thread-1) [ x:kms_article] o.a.s.u.CommitTracker Soft AutoCommit: disabled
2023-06-23 14:50:32.678 INFO  (coreLoadExecutor-10-thread-1) [ x:kms_article] o.a.s.r.ManagedResourceStorage File-based storage initialized to use dir: /var/solr/data/kms_article/conf
2023-06-23 14:50:32.705 INFO  (coreLoadExecutor-10-thread-1) [ x:kms_article] o.a.s.s.DirectSolrSpellChecker init: {accuracy=0.5, maxQueryFrequency=0.01, maxEdits=2, minPrefix=1, maxInspections=5, minQueryLength=4, name=default, field=_text_, classname=solr.DirectSolrSpellChecker, distanceMeasure=internal}
2023-06-23 14:50:32.719 INFO  (coreLoadExecutor-10-thread-1) [ x:kms_article] o.a.s.h.ReplicationHandler Commits will be reserved for 10000 ms
2023-06-23 14:50:32.741 INFO  (searcherExecutor-12-thread-1-processing-kms_article) [ x:kms_article] o.a.s.c.QuerySenderListener QuerySenderListener done.
2023-06-23 14:50:32.741 INFO  (searcherExecutor-12-thread-1-processing-kms_article) [ x:kms_article] o.a.s.h.c.SpellCheckComponent Loading spell index for spellchecker: default
2023-06-23 14:50:32.758 INFO  (searcherExecutor-12-thread-1-processing-kms_article) [ x:kms_article] o.a.s.c.SolrCore Registered new searcher autowarm time: 0 ms
