[2023-11-02T15:41:31.553+0000][0.059s] Using G1
[2023-11-02T15:41:38.564+0000][7.050s] Version: 17.0.7+7 (release)
[2023-11-02T15:41:38.564+0000][7.050s] CPUs: 16 total, 16 available
[2023-11-02T15:41:38.565+0000][7.051s] Memory: 7796M
[2023-11-02T15:41:38.565+0000][7.052s] Large Page Support: Disabled
[2023-11-02T15:41:38.566+0000][7.052s] NUMA Support: Disabled
[2023-11-02T15:41:38.566+0000][7.052s] Compressed Oops: Enabled (Zero based)
[2023-11-02T15:41:38.566+0000][7.052s] Heap Region Size: 2M
[2023-11-02T15:41:38.566+0000][7.053s] Heap Min Capacity: 4G
[2023-11-02T15:41:38.567+0000][7.053s] Heap Initial Capacity: 4G
[2023-11-02T15:41:38.567+0000][7.054s] Heap Max Capacity: 4G
[2023-11-02T15:41:38.568+0000][7.054s] Pre-touch: Enabled
[2023-11-02T15:41:38.568+0000][7.054s] Parallel Workers: 13
[2023-11-02T15:41:38.568+0000][7.054s] Concurrent Workers: 3
[2023-11-02T15:41:38.568+0000][7.055s] Concurrent Refinement Workers: 13
[2023-11-02T15:41:38.569+0000][7.055s] Periodic GC: Disabled
[2023-11-02T15:41:38.569+0000][7.055s] CDS archive(s) mapped at: [0x0000000800000000-0x0000000800a7b000-0x0000000800a7b000), size 10989568, SharedBaseAddress: 0x0000000800000000, ArchiveRelocationMode: 0.
[2023-11-02T15:41:38.569+0000][7.055s] Compressed class space mapped at: 0x0000000801000000-0x0000000841000000, reserved size: 1073741824
[2023-11-02T15:41:38.570+0000][7.056s] Narrow klass base: 0x0000000800000000, Narrow klass shift: 0, Narrow klass range: 0x100000000
[2023-11-02T15:42:12.975+0000][41.480s] GC(0) Pause Young (Concurrent Start) (Metadata GC Threshold)
[2023-11-02T15:42:12.975+0000][41.481s] GC(0) Using 13 workers of 13 for evacuation
[2023-11-02T15:42:12.999+0000][41.504s] GC(0)   Pre Evacuate Collection Set: 0.7ms
[2023-11-02T15:42:12.999+0000][41.504s] GC(0)   Merge Heap Roots: 0.7ms
[2023-11-02T15:42:12.999+0000][41.505s] GC(0)   Evacuate Collection Set: 16.6ms
[2023-11-02T15:42:12.999+0000][41.505s] GC(0)   Post Evacuate Collection Set: 1.5ms
[2023-11-02T15:42:13.000+0000][41.505s] GC(0)   Other: 4.6ms
[2023-11-02T15:42:13.000+0000][41.505s] GC(0) Eden regions: 64->0(92)
[2023-11-02T15:42:13.000+0000][41.506s] GC(0) Survivor regions: 0->10(13)
[2023-11-02T15:42:13.000+0000][41.506s] GC(0) Old regions: 0->0
[2023-11-02T15:42:13.001+0000][41.506s] GC(0) Archive regions: 2->2
[2023-11-02T15:42:13.001+0000][41.506s] GC(0) Humongous regions: 2->2
[2023-11-02T15:42:13.001+0000][41.507s] GC(0) Metaspace: 21254K(21504K)->21254K(21504K) NonClass: 18695K(18816K)->18695K(18816K) Class: 2558K(2688K)->2558K(2688K)
[2023-11-02T15:42:13.002+0000][41.507s] GC(0) Pause Young (Concurrent Start) (Metadata GC Threshold) 131M->23M(4096M) 26.943ms
[2023-11-02T15:42:13.002+0000][41.507s] GC(0) User=0.09s Sys=0.00s Real=0.03s
[2023-11-02T15:42:13.002+0000][41.508s] GC(1) Concurrent Mark Cycle
[2023-11-02T15:42:13.003+0000][41.508s] GC(1) Concurrent Clear Claimed Marks
[2023-11-02T15:42:13.003+0000][41.509s] GC(1) Concurrent Clear Claimed Marks 0.499ms
[2023-11-02T15:42:13.003+0000][41.509s] GC(1) Concurrent Scan Root Regions
[2023-11-02T15:42:13.006+0000][41.511s] GC(1) Concurrent Scan Root Regions 2.476ms
[2023-11-02T15:42:13.006+0000][41.512s] GC(1) Concurrent Mark
[2023-11-02T15:42:13.007+0000][41.512s] GC(1) Concurrent Mark From Roots
[2023-11-02T15:42:13.007+0000][41.512s] GC(1) Using 3 workers of 3 for marking
[2023-11-02T15:42:13.009+0000][41.514s] GC(1) Concurrent Mark From Roots 1.963ms
[2023-11-02T15:42:13.009+0000][41.514s] GC(1) Concurrent Preclean
[2023-11-02T15:42:13.009+0000][41.515s] GC(1) Concurrent Preclean 0.318ms
[2023-11-02T15:42:13.013+0000][41.518s] GC(1) Pause Remark
[2023-11-02T15:42:13.015+0000][41.521s] GC(1) Pause Remark 24M->24M(4096M) 2.279ms
[2023-11-02T15:42:13.016+0000][41.521s] GC(1) User=0.01s Sys=0.00s Real=0.00s
[2023-11-02T15:42:13.016+0000][41.521s] GC(1) Concurrent Mark 9.647ms
[2023-11-02T15:42:13.016+0000][41.522s] GC(1) Concurrent Rebuild Remembered Sets
[2023-11-02T15:42:13.017+0000][41.522s] GC(1) Concurrent Rebuild Remembered Sets 0.296ms
[2023-11-02T15:42:13.017+0000][41.523s] GC(1) Pause Cleanup
[2023-11-02T15:42:13.018+0000][41.523s] GC(1) Pause Cleanup 24M->24M(4096M) 0.315ms
[2023-11-02T15:42:13.018+0000][41.523s] GC(1) User=0.00s Sys=0.00s Real=0.00s
[2023-11-02T15:42:13.018+0000][41.523s] GC(1) Concurrent Cleanup for Next Mark
[2023-11-02T15:42:13.025+0000][41.530s] GC(1) Concurrent Cleanup for Next Mark 6.680ms
[2023-11-02T15:42:13.025+0000][41.531s] GC(1) Concurrent Mark Cycle 22.871ms
[2023-11-02T15:42:31.783+0000][60.288s] GC(2) Pause Young (Concurrent Start) (Metadata GC Threshold)
[2023-11-02T15:42:31.783+0000][60.289s] GC(2) Using 13 workers of 13 for evacuation
[2023-11-02T15:42:31.878+0000][60.384s] GC(2)   Pre Evacuate Collection Set: 0.3ms
[2023-11-02T15:42:31.879+0000][60.384s] GC(2)   Merge Heap Roots: 0.3ms
[2023-11-02T15:42:31.879+0000][60.384s] GC(2)   Evacuate Collection Set: 91.4ms
[2023-11-02T15:42:31.879+0000][60.385s] GC(2)   Post Evacuate Collection Set: 1.6ms
[2023-11-02T15:42:31.879+0000][60.385s] GC(2)   Other: 1.7ms
[2023-11-02T15:42:31.880+0000][60.385s] GC(2) Eden regions: 45->0(97)
[2023-11-02T15:42:31.880+0000][60.385s] GC(2) Survivor regions: 10->5(13)
[2023-11-02T15:42:31.880+0000][60.386s] GC(2) Old regions: 0->9
[2023-11-02T15:42:31.880+0000][60.386s] GC(2) Archive regions: 2->2
[2023-11-02T15:42:31.881+0000][60.386s] GC(2) Humongous regions: 2->2
[2023-11-02T15:42:31.881+0000][60.386s] GC(2) Metaspace: 35762K(36096K)->35762K(36096K) NonClass: 31346K(31488K)->31346K(31488K) Class: 4415K(4608K)->4415K(4608K)
[2023-11-02T15:42:31.881+0000][60.387s] GC(2) Pause Young (Concurrent Start) (Metadata GC Threshold) 112M->31M(4096M) 98.262ms
[2023-11-02T15:42:31.881+0000][60.387s] GC(2) User=0.15s Sys=0.00s Real=0.10s
[2023-11-02T15:42:31.882+0000][60.387s] GC(3) Concurrent Mark Cycle
[2023-11-02T15:42:31.882+0000][60.387s] GC(3) Concurrent Clear Claimed Marks
[2023-11-02T15:42:31.882+0000][60.388s] GC(3) Concurrent Clear Claimed Marks 0.384ms
[2023-11-02T15:42:31.883+0000][60.388s] GC(3) Concurrent Scan Root Regions
[2023-11-02T15:42:31.886+0000][60.391s] GC(3) Concurrent Scan Root Regions 2.952ms
[2023-11-02T15:42:31.886+0000][60.391s] GC(3) Concurrent Mark
[2023-11-02T15:42:31.886+0000][60.392s] GC(3) Concurrent Mark From Roots
[2023-11-02T15:42:31.886+0000][60.392s] GC(3) Using 3 workers of 3 for marking
[2023-11-02T15:42:31.888+0000][60.393s] GC(3) Concurrent Mark From Roots 1.814ms
[2023-11-02T15:42:31.888+0000][60.394s] GC(3) Concurrent Preclean
[2023-11-02T15:42:31.889+0000][60.394s] GC(3) Concurrent Preclean 0.292ms
[2023-11-02T15:42:31.889+0000][60.394s] GC(3) Pause Remark
[2023-11-02T15:42:31.891+0000][60.396s] GC(3) Pause Remark 32M->32M(4096M) 1.945ms
[2023-11-02T15:42:31.891+0000][60.397s] GC(3) User=0.01s Sys=0.00s Real=0.00s
[2023-11-02T15:42:31.892+0000][60.397s] GC(3) Concurrent Mark 5.736ms
[2023-11-02T15:42:31.892+0000][60.397s] GC(3) Concurrent Rebuild Remembered Sets
[2023-11-02T15:42:31.892+0000][60.398s] GC(3) Concurrent Rebuild Remembered Sets 0.226ms
[2023-11-02T15:42:31.893+0000][60.398s] GC(3) Pause Cleanup
[2023-11-02T15:42:31.893+0000][60.398s] GC(3) Pause Cleanup 32M->32M(4096M) 0.240ms
[2023-11-02T15:42:31.893+0000][60.398s] GC(3) User=0.00s Sys=0.00s Real=0.00s
[2023-11-02T15:42:31.893+0000][60.399s] GC(3) Concurrent Cleanup for Next Mark
[2023-11-02T15:42:31.898+0000][60.403s] GC(3) Concurrent Cleanup for Next Mark 4.694ms
[2023-11-02T15:42:31.898+0000][60.404s] GC(3) Concurrent Mark Cycle 16.536ms
