2023/08/13 15:26:20 /core/core/core_setting.go:149: WARNING Error 1452 (23000): Cannot add or update a child row: a foreign key constraint fails (`core`.`core_setting`, CONSTRAINT `core_setting_FK` FOREIGN KEY (`AppthemeID`) REFERENCES `core_theme` (`AppthemeID`) ON UPDATE CASCADE)
2023/08/13 15:26:20 /core/core/core_setting.go:122: WARNING Error 1452 (23000): Cannot add or update a child row: a foreign key constraint fails (`core`.`core_setting`, CONSTRAINT `core_setting_FK` FOREIGN KEY (`AppthemeID`) REFERENCES `core_theme` (`AppthemeID`) ON UPDATE CASCADE)
2023/08/13 15:26:20 /core/core/core_setting.go:218: WARNING Error 1452 (23000): Cannot add or update a child row: a foreign key constraint fails (`core`.`core_setting`, CONSTRAINT `core_setting_FK` FOREIGN KEY (`AppthemeID`) REFERENCES `core_theme` (`AppthemeID`) ON UPDATE CASCADE)
Current time: 2023-08-14 09:26:34 WIB2023/08/14 02:26:34 /core/dependency/logging_handler.go:48: TEST
2023-08-14 09:27:49 WIB /core/dependency/logging_handler.go:48: TEST
2023/08/14 09:37:53 WIB /core/dependency/logging_handler.go:47: TEST
2023/08/14 08:39:29 UTC /core/core/core_user.go:155: WARNING Error 1146 (42S02): Table 'core.core_user' doesn't exist
2023/08/14 08:39:29 UTC /core/core/core_user.go:225: WARNING sql: no rows in result set
2023/08/14 08:39:29 UTC /core/core/core_user.go:225: WARNING sql: no rows in result set
2023/08/14 08:39:29 UTC /core/core/core_user.go:225: WARNING sql: no rows in result set
2023/08/14 08:39:29 UTC /core/core/core_user.go:225: WARNING sql: no rows in result set
2023/08/14 08:39:29 UTC /core/core/core_user.go:225: WARNING sql: no rows in result set
2023/08/14 08:39:29 UTC /core/core/core_user.go:225: WARNING sql: no rows in result set
2023/08/14 08:39:29 UTC /core/core/core_user.go:225: WARNING sql: no rows in result set
2023/08/14 08:39:29 UTC /core/core/core_user.go:225: WARNING sql: no rows in result set
2023/08/14 08:39:29 UTC /core/core/core_user.go:225: WARNING sql: no rows in result set
2023/08/14 08:39:29 UTC /core/core/core_user.go:225: WARNING sql: no rows in result set
2023/08/14 08:39:29 UTC /core/core/core_user.go:225: WARNING sql: no rows in result set
2023/08/14 08:39:29 UTC /core/core/core_user.go:225: WARNING sql: no rows in result set
2023/08/14 08:39:29 UTC /core/core/core_user.go:225: WARNING sql: no rows in result set
2023/08/14 08:39:29 UTC /core/core/core_user.go:225: WARNING sql: no rows in result set
2023/08/14 08:39:29 UTC /core/core/core_user.go:225: WARNING sql: no rows in result set
2023/08/14 08:39:29 UTC /core/core/core_user.go:225: WARNING sql: no rows in result set
2023/08/14 08:39:29 UTC /core/core/core_user.go:225: WARNING sql: no rows in result set
2023/08/14 08:39:29 UTC /core/core/core_user.go:225: WARNING sql: no rows in result set
2023/08/14 08:39:29 UTC /core/core/core_user.go:225: WARNING sql: no rows in result set
2023/08/14 08:39:29 UTC /core/core/core_user.go:225: WARNING sql: no rows in result set
2023/08/14 08:39:29 UTC /core/core/core_user.go:225: WARNING sql: no rows in result set
2023/08/14 08:39:29 UTC /core/core/core_user.go:225: WARNING sql: no rows in result set
2023/08/14 08:39:29 UTC /core/core/core_user.go:225: WARNING sql: no rows in result set
2023/08/14 08:39:29 UTC /core/core/core_user.go:225: WARNING sql: no rows in result set
2023/08/14 08:39:29 UTC /core/core/core_user.go:225: WARNING sql: no rows in result set
2023/08/14 08:39:29 UTC /core/core/core_user.go:225: WARNING sql: no rows in result set
2023/08/14 08:39:29 UTC /core/core/core_user.go:225: WARNING sql: no rows in result set
2023/08/14 08:39:29 UTC /core/core/core_user.go:225: WARNING sql: no rows in result set
2023/08/14 08:39:29 UTC /core/core/core_user.go:225: WARNING sql: no rows in result set
2023/08/14 08:39:29 UTC /core/core/core_user.go:225: WARNING sql: no rows in result set
2023/08/14 08:39:29 UTC /core/core/core_user.go:225: WARNING sql: no rows in result set
2023/08/14 08:39:29 UTC /core/core/core_user.go:225: WARNING sql: no rows in result set
2023/08/14 08:39:29 UTC /core/core/core_user.go:225: WARNING sql: no rows in result set
2023/08/14 08:39:29 UTC /core/core/core_user.go:225: WARNING sql: no rows in result set
2023/08/14 08:39:29 UTC /core/core/core_user.go:225: WARNING sql: no rows in result set
2023/08/14 08:39:29 UTC /core/core/core_user.go:225: WARNING sql: no rows in result set
2023/08/14 08:39:29 UTC /core/core/core_user.go:225: WARNING sql: no rows in result set
2023/08/14 08:39:29 UTC /core/core/core_user.go:225: WARNING sql: no rows in result set
2023/08/14 08:39:29 UTC /core/core/core_user.go:225: WARNING sql: no rows in result set
2023/08/14 08:39:29 UTC /core/core/core_user.go:225: WARNING sql: no rows in result set
2023/08/14 08:39:29 UTC /core/core/core_user.go:225: WARNING sql: no rows in result set
2023/08/14 08:39:29 UTC /core/core/core_user.go:225: WARNING sql: no rows in result set
2023/08/14 08:39:29 UTC /core/core/core_user.go:225: WARNING sql: no rows in result set
2023/08/14 08:39:29 UTC /core/core/core_user.go:225: WARNING sql: no rows in result set
2023/08/14 08:39:29 UTC /core/core/core_user.go:225: WARNING sql: no rows in result set
2023/08/15 11:48:17 WIB /core/core/core_user.go:386: WARNING please insert UserID or Username
2023/08/15 11:48:17 WIB /core/core/core_user.go:386: WARNING please insert UserID or Username
2023/08/15 11:48:17 WIB /core/core/core_user.go:386: WARNING please insert UserID or Username
2023/08/15 11:48:17 WIB /core/core/core_user.go:386: WARNING please insert UserID or Username
2023/08/15 11:48:17 WIB /core/core/core_user.go:443: WARNING code=400, message=Syntax error: offset=1, error=invalid character 'A' looking for beginning of value, internal=invalid character 'A' looking for beginning of value
2023/08/15 11:48:17 WIB /core/core/core_user.go:443: WARNING code=400, message=Syntax error: offset=8, error=invalid character 'A' looking for beginning of object key string, internal=invalid character 'A' looking for beginning of object key string
2023/08/15 11:48:17 WIB /core/core/core_user.go:225: WARNING sql: no rows in result set
2023/08/15 11:48:17 WIB /core/core/core_user.go:225: WARNING sql: no rows in result set
2023/08/15 11:48:17 WIB /core/core/core_user.go:225: WARNING sql: no rows in result set
2023/08/15 11:48:17 WIB /core/core/core_user.go:225: WARNING sql: no rows in result set
2023/08/15 11:48:17 WIB /core/core/core_user.go:225: WARNING sql: no rows in result set
2023/08/15 11:48:17 WIB /core/core/core_user.go:225: WARNING sql: no rows in result set
2023/08/15 11:48:17 WIB /core/core/core_user.go:225: WARNING sql: no rows in result set
2023/08/15 11:48:17 WIB /core/core/core_user.go:225: WARNING sql: no rows in result set
